# JRE version: OpenJDK Runtime Environment (8.0_121-b13) (build 1.8.0_121-8u121-b13-0ubuntu1.16.04.2-b13)
# Java VM: OpenJDK 64-Bit Server VM (25.121-b13 mixed mode linux-amd64 compressed oops)
Heap:
 PSYoungGen      total 780800K, used 448K [0x0000000781800000, 0x00000007b1500000, 0x00000007c0000000)
  eden space 778240K, 0% used [0x0000000781800000,0x0000000781800000,0x00000007b1000000)
  from space 2560K, 17% used [0x00000007b1000000,0x00000007b1070000,0x00000007b1280000)
  to   space 2560K, 0% used [0x00000007b1280000,0x00000007b1280000,0x00000007b1500000)
 ParOldGen       total 128512K, used 1452K [0x0000000704800000, 0x000000070c580000, 0x0000000781800000)
  object space 128512K, 1% used [0x0000000704800000,0x000000070496b0e0,0x000000070c580000)
 Metaspace       used 10007K, capacity 10214K, committed 10496K, reserved 1058816K
  class space    used 1173K, capacity 1223K, committed 1280K, reserved 1048576K
GC Heap History (10 events):
Event: 1,723 GC heap after
Heap after GC invocations=4 (full 0):
 PSYoungGen      total 202240K, used 1392K [0x0000000781800000, 0x000000078e500000, 0x00000007c0000000)
  eden space 194560K, 0% used [0x0000000781800000,0x0000000781800000,0x000000078d600000)
  from space 7680K, 18% used [0x000000078dd80000,0x000000078dedc010,0x000000078e500000)
  to   space 7680K, 0% used [0x000000078d600000,0x000000078d600000,0x000000078dd80000)
 ParOldGen       total 128512K, used 96K [0x0000000704800000, 0x000000070c580000, 0x0000000781800000)
  object space 128512K, 0% used [0x0000000704800000,0x0000000704818010,0x000000070c580000)
 Metaspace       used 8879K, capacity 9006K, committed 9088K, reserved 1056768K
  class space    used 1040K, capacity 1077K, committed 1152K, reserved 1048576K
}
Event: 2,126 GC heap before
{Heap before GC invocations=5 (full 0):
 PSYoungGen      total 202240K, used 195952K [0x0000000781800000, 0x000000078e500000, 0x00000007c0000000)
  eden space 194560K, 100% used [0x0000000781800000,0x000000078d600000,0x000000078d600000)
  from space 7680K, 18% used [0x000000078dd80000,0x000000078dedc010,0x000000078e500000)
  to   space 7680K, 0% used [0x000000078d600000,0x000000078d600000,0x000000078dd80000)
 ParOldGen       total 128512K, used 96K [0x0000000704800000, 0x000000070c580000, 0x0000000781800000)
  object space 128512K, 0% used [0x0000000704800000,0x0000000704818010,0x000000070c580000)
 Metaspace       used 8879K, capacity 9006K, committed 9088K, reserved 1056768K
  class space    used 1040K, capacity 1077K, committed 1152K, reserved 1048576K
Event: 2,132 GC heap after
Heap after GC invocations=5 (full 0):
 PSYoungGen      total 202240K, used 1376K [0x0000000781800000, 0x0000000799800000, 0x00000007c0000000)
  eden space 194560K, 0% used [0x0000000781800000,0x0000000781800000,0x000000078d600000)
  from space 7680K, 17% used [0x000000078d600000,0x000000078d758020,0x000000078dd80000)
  to   space 2048K, 0% used [0x0000000799600000,0x0000000799600000,0x0000000799800000)
 ParOldGen       total 128512K, used 104K [0x0000000704800000, 0x000000070c580000, 0x0000000781800000)
  object space 128512K, 0% used [0x0000000704800000,0x000000070481a010,0x000000070c580000)
 Metaspace       used 8879K, capacity 9006K, committed 9088K, reserved 1056768K
  class space    used 1040K, capacity 1077K, committed 1152K, reserved 1048576K
}
Event: 2,532 GC heap before
{Heap before GC invocations=6 (full 0):
 PSYoungGen      total 202240K, used 195936K [0x0000000781800000, 0x0000000799800000, 0x00000007c0000000)
  eden space 194560K, 100% used [0x0000000781800000,0x000000078d600000,0x000000078d600000)
  from space 7680K, 17% used [0x000000078d600000,0x000000078d758020,0x000000078dd80000)
  to   space 2048K, 0% used [0x0000000799600000,0x0000000799600000,0x0000000799800000)
 ParOldGen       total 128512K, used 104K [0x0000000704800000, 0x000000070c580000, 0x0000000781800000)
  object space 128512K, 0% used [0x0000000704800000,0x000000070481a010,0x000000070c580000)
 Metaspace       used 8879K, capacity 9006K, committed 9088K, reserved 1056768K
  class space    used 1040K, capacity 1077K, committed 1152K, reserved 1048576K
Event: 2,545 GC heap after
Heap after GC invocations=6 (full 0):
 PSYoungGen      total 391168K, used 1392K [0x0000000781800000, 0x0000000799800000, 0x00000007c0000000)
  eden space 389120K, 0% used [0x0000000781800000,0x0000000781800000,0x0000000799400000)
  from space 2048K, 67% used [0x0000000799600000,0x000000079975c030,0x0000000799800000)
  to   space 2048K, 0% used [0x0000000799400000,0x0000000799400000,0x0000000799600000)
 ParOldGen       total 128512K, used 112K [0x0000000704800000, 0x000000070c580000, 0x0000000781800000)
  object space 128512K, 0% used [0x0000000704800000,0x000000070481c010,0x000000070c580000)
 Metaspace       used 8879K, capacity 9006K, committed 9088K, reserved 1056768K
  class space    used 1040K, capacity 1077K, committed 1152K, reserved 1048576K
}
Event: 3,948 GC heap before
{Heap before GC invocations=7 (full 0):
 PSYoungGen      total 391168K, used 390512K [0x0000000781800000, 0x0000000799800000, 0x00000007c0000000)
  eden space 389120K, 100% used [0x0000000781800000,0x0000000799400000,0x0000000799400000)
  from space 2048K, 67% used [0x0000000799600000,0x000000079975c030,0x0000000799800000)
  to   space 2048K, 0% used [0x0000000799400000,0x0000000799400000,0x0000000799600000)
 ParOldGen       total 128512K, used 112K [0x0000000704800000, 0x000000070c580000, 0x0000000781800000)
  object space 128512K, 0% used [0x0000000704800000,0x000000070481c010,0x000000070c580000)
 Metaspace       used 8879K, capacity 9006K, committed 9088K, reserved 1056768K
  class space    used 1040K, capacity 1077K, committed 1152K, reserved 1048576K
Event: 3,951 GC heap after
Heap after GC invocations=7 (full 0):
 PSYoungGen      total 391168K, used 0K [0x0000000781800000, 0x00000007b1500000, 0x00000007c0000000)
  eden space 389120K, 0% used [0x0000000781800000,0x0000000781800000,0x0000000799400000)
  from space 2048K, 0% used [0x0000000799400000,0x0000000799400000,0x0000000799600000)
  to   space 2560K, 0% used [0x00000007b1280000,0x00000007b1280000,0x00000007b1500000)
 ParOldGen       total 128512K, used 1436K [0x0000000704800000, 0x000000070c580000, 0x0000000781800000)
  object space 128512K, 1% used [0x0000000704800000,0x00000007049670e0,0x000000070c580000)
 Metaspace       used 8879K, capacity 9006K, committed 9088K, reserved 1056768K
  class space    used 1040K, capacity 1077K, committed 1152K, reserved 1048576K
}
Event: 4,762 GC heap before
{Heap before GC invocations=8 (full 0):
 PSYoungGen      total 391168K, used 389120K [0x0000000781800000, 0x00000007b1500000, 0x00000007c0000000)
  eden space 389120K, 100% used [0x0000000781800000,0x0000000799400000,0x0000000799400000)
  from space 2048K, 0% used [0x0000000799400000,0x0000000799400000,0x0000000799600000)
  to   space 2560K, 0% used [0x00000007b1280000,0x00000007b1280000,0x00000007b1500000)
 ParOldGen       total 128512K, used 1436K [0x0000000704800000, 0x000000070c580000, 0x0000000781800000)
  object space 128512K, 1% used [0x0000000704800000,0x00000007049670e0,0x000000070c580000)
 Metaspace       used 10007K, capacity 10214K, committed 10496K, reserved 1058816K
  class space    used 1173K, capacity 1223K, committed 1280K, reserved 1048576K
Event: 4,792 GC heap after
Heap after GC invocations=8 (full 0):
 PSYoungGen      total 780800K, used 352K [0x0000000781800000, 0x00000007b1500000, 0x00000007c0000000)
  eden space 778240K, 0% used [0x0000000781800000,0x0000000781800000,0x00000007b1000000)
  from space 2560K, 13% used [0x00000007b1280000,0x00000007b12d8000,0x00000007b1500000)
  to   space 2560K, 0% used [0x00000007b1000000,0x00000007b1000000,0x00000007b1280000)
 ParOldGen       total 128512K, used 1444K [0x0000000704800000, 0x000000070c580000, 0x0000000781800000)
  object space 128512K, 1% used [0x0000000704800000,0x00000007049690e0,0x000000070c580000)
 Metaspace       used 10007K, capacity 10214K, committed 10496K, reserved 1058816K
  class space    used 1173K, capacity 1223K, committed 1280K, reserved 1048576K
}
Event: 8,159 GC heap before
{Heap before GC invocations=9 (full 0):
 PSYoungGen      total 780800K, used 778592K [0x0000000781800000, 0x00000007b1500000, 0x00000007c0000000)
  eden space 778240K, 100% used [0x0000000781800000,0x00000007b1000000,0x00000007b1000000)
  from space 2560K, 13% used [0x00000007b1280000,0x00000007b12d8000,0x00000007b1500000)
  to   space 2560K, 0% used [0x00000007b1000000,0x00000007b1000000,0x00000007b1280000)
 ParOldGen       total 128512K, used 1444K [0x0000000704800000, 0x000000070c580000, 0x0000000781800000)
  object space 128512K, 1% used [0x0000000704800000,0x00000007049690e0,0x000000070c580000)
 Metaspace       used 10007K, capacity 10214K, committed 10496K, reserved 1058816K
  class space    used 1173K, capacity 1223K, committed 1280K, reserved 1048576K

