# JRE version: OpenJDK Runtime Environment (8.0_121-b13) (build 1.8.0_121-8u121-b13-0ubuntu1.16.04.2-b13)
# Java VM: OpenJDK 64-Bit Server VM (25.121-b13 mixed mode linux-amd64 compressed oops)
Heap:
 PSYoungGen      total 391680K, used 192K [0x0000000781800000, 0x0000000799900000, 0x00000007c0000000)
  eden space 389120K, 0% used [0x0000000781800000,0x0000000781800000,0x0000000799400000)
  from space 2560K, 7% used [0x0000000799400000,0x0000000799430000,0x0000000799680000)
  to   space 2560K, 0% used [0x0000000799680000,0x0000000799680000,0x0000000799900000)
 ParOldGen       total 128512K, used 1436K [0x0000000704800000, 0x000000070c580000, 0x0000000781800000)
  object space 128512K, 1% used [0x0000000704800000,0x00000007049670d0,0x000000070c580000)
 Metaspace       used 8868K, capacity 9006K, committed 9088K, reserved 1056768K
  class space    used 1040K, capacity 1077K, committed 1152K, reserved 1048576K
GC Heap History (10 events):
Event: 1,598 GC heap after
Heap after GC invocations=4 (full 0):
 PSYoungGen      total 104960K, used 1520K [0x0000000781800000, 0x0000000788600000, 0x00000007c0000000)
  eden space 97280K, 0% used [0x0000000781800000,0x0000000781800000,0x0000000787700000)
  from space 7680K, 19% used [0x0000000787e80000,0x0000000787ffc030,0x0000000788600000)
  to   space 7680K, 0% used [0x0000000787700000,0x0000000787700000,0x0000000787e80000)
 ParOldGen       total 128512K, used 96K [0x0000000704800000, 0x000000070c580000, 0x0000000781800000)
  object space 128512K, 0% used [0x0000000704800000,0x0000000704818010,0x000000070c580000)
 Metaspace       used 8860K, capacity 9006K, committed 9088K, reserved 1056768K
  class space    used 1040K, capacity 1077K, committed 1152K, reserved 1048576K
}
Event: 2,127 GC heap before
{Heap before GC invocations=5 (full 0):
 PSYoungGen      total 104960K, used 98800K [0x0000000781800000, 0x0000000788600000, 0x00000007c0000000)
  eden space 97280K, 100% used [0x0000000781800000,0x0000000787700000,0x0000000787700000)
  from space 7680K, 19% used [0x0000000787e80000,0x0000000787ffc030,0x0000000788600000)
  to   space 7680K, 0% used [0x0000000787700000,0x0000000787700000,0x0000000787e80000)
 ParOldGen       total 128512K, used 96K [0x0000000704800000, 0x000000070c580000, 0x0000000781800000)
  object space 128512K, 0% used [0x0000000704800000,0x0000000704818010,0x000000070c580000)
 Metaspace       used 8860K, capacity 9006K, committed 9088K, reserved 1056768K
  class space    used 1040K, capacity 1077K, committed 1152K, reserved 1048576K
Event: 2,162 GC heap after
Heap after GC invocations=5 (full 0):
 PSYoungGen      total 104960K, used 1504K [0x0000000781800000, 0x000000078da00000, 0x00000007c0000000)
  eden space 97280K, 0% used [0x0000000781800000,0x0000000781800000,0x0000000787700000)
  from space 7680K, 19% used [0x0000000787700000,0x0000000787878000,0x0000000787e80000)
  to   space 2048K, 0% used [0x000000078d800000,0x000000078d800000,0x000000078da00000)
 ParOldGen       total 128512K, used 104K [0x0000000704800000, 0x000000070c580000, 0x0000000781800000)
  object space 128512K, 0% used [0x0000000704800000,0x000000070481a010,0x000000070c580000)
 Metaspace       used 8860K, capacity 9006K, committed 9088K, reserved 1056768K
  class space    used 1040K, capacity 1077K, committed 1152K, reserved 1048576K
}
Event: 2,367 GC heap before
{Heap before GC invocations=6 (full 0):
 PSYoungGen      total 104960K, used 98784K [0x0000000781800000, 0x000000078da00000, 0x00000007c0000000)
  eden space 97280K, 100% used [0x0000000781800000,0x0000000787700000,0x0000000787700000)
  from space 7680K, 19% used [0x0000000787700000,0x0000000787878000,0x0000000787e80000)
  to   space 2048K, 0% used [0x000000078d800000,0x000000078d800000,0x000000078da00000)
 ParOldGen       total 128512K, used 104K [0x0000000704800000, 0x000000070c580000, 0x0000000781800000)
  object space 128512K, 0% used [0x0000000704800000,0x000000070481a010,0x000000070c580000)
 Metaspace       used 8860K, capacity 9006K, committed 9088K, reserved 1056768K
  class space    used 1040K, capacity 1077K, committed 1152K, reserved 1048576K
Event: 2,418 GC heap after
Heap after GC invocations=6 (full 0):
 PSYoungGen      total 196608K, used 1472K [0x0000000781800000, 0x000000078da00000, 0x00000007c0000000)
  eden space 194560K, 0% used [0x0000000781800000,0x0000000781800000,0x000000078d600000)
  from space 2048K, 71% used [0x000000078d800000,0x000000078d970020,0x000000078da00000)
  to   space 2048K, 0% used [0x000000078d600000,0x000000078d600000,0x000000078d800000)
 ParOldGen       total 128512K, used 104K [0x0000000704800000, 0x000000070c580000, 0x0000000781800000)
  object space 128512K, 0% used [0x0000000704800000,0x000000070481a010,0x000000070c580000)
 Metaspace       used 8860K, capacity 9006K, committed 9088K, reserved 1056768K
  class space    used 1040K, capacity 1077K, committed 1152K, reserved 1048576K
}
Event: 4,209 GC heap before
{Heap before GC invocations=7 (full 0):
 PSYoungGen      total 196608K, used 196032K [0x0000000781800000, 0x000000078da00000, 0x00000007c0000000)
  eden space 194560K, 100% used [0x0000000781800000,0x000000078d600000,0x000000078d600000)
  from space 2048K, 71% used [0x000000078d800000,0x000000078d970020,0x000000078da00000)
  to   space 2048K, 0% used [0x000000078d600000,0x000000078d600000,0x000000078d800000)
 ParOldGen       total 128512K, used 104K [0x0000000704800000, 0x000000070c580000, 0x0000000781800000)
  object space 128512K, 0% used [0x0000000704800000,0x000000070481a010,0x000000070c580000)
 Metaspace       used 8868K, capacity 9006K, committed 9088K, reserved 1056768K
  class space    used 1040K, capacity 1077K, committed 1152K, reserved 1048576K
Event: 4,219 GC heap after
Heap after GC invocations=7 (full 0):
 PSYoungGen      total 196608K, used 192K [0x0000000781800000, 0x0000000799900000, 0x00000007c0000000)
  eden space 194560K, 0% used [0x0000000781800000,0x0000000781800000,0x000000078d600000)
  from space 2048K, 9% used [0x000000078d600000,0x000000078d630000,0x000000078d800000)
  to   space 2560K, 0% used [0x0000000799680000,0x0000000799680000,0x0000000799900000)
 ParOldGen       total 128512K, used 1436K [0x0000000704800000, 0x000000070c580000, 0x0000000781800000)
  object space 128512K, 1% used [0x0000000704800000,0x00000007049670d0,0x000000070c580000)
 Metaspace       used 8868K, capacity 9006K, committed 9088K, reserved 1056768K
  class space    used 1040K, capacity 1077K, committed 1152K, reserved 1048576K
}
Event: 4,804 GC heap before
{Heap before GC invocations=8 (full 0):
 PSYoungGen      total 196608K, used 194752K [0x0000000781800000, 0x0000000799900000, 0x00000007c0000000)
  eden space 194560K, 100% used [0x0000000781800000,0x000000078d600000,0x000000078d600000)
  from space 2048K, 9% used [0x000000078d600000,0x000000078d630000,0x000000078d800000)
  to   space 2560K, 0% used [0x0000000799680000,0x0000000799680000,0x0000000799900000)
 ParOldGen       total 128512K, used 1436K [0x0000000704800000, 0x000000070c580000, 0x0000000781800000)
  object space 128512K, 1% used [0x0000000704800000,0x00000007049670d0,0x000000070c580000)
 Metaspace       used 8868K, capacity 9006K, committed 9088K, reserved 1056768K
  class space    used 1040K, capacity 1077K, committed 1152K, reserved 1048576K
Event: 4,810 GC heap after
Heap after GC invocations=8 (full 0):
 PSYoungGen      total 391680K, used 128K [0x0000000781800000, 0x0000000799900000, 0x00000007c0000000)
  eden space 389120K, 0% used [0x0000000781800000,0x0000000781800000,0x0000000799400000)
  from space 2560K, 5% used [0x0000000799680000,0x00000007996a0000,0x0000000799900000)
  to   space 2560K, 0% used [0x0000000799400000,0x0000000799400000,0x0000000799680000)
 ParOldGen       total 128512K, used 1436K [0x0000000704800000, 0x000000070c580000, 0x0000000781800000)
  object space 128512K, 1% used [0x0000000704800000,0x00000007049670d0,0x000000070c580000)
 Metaspace       used 8868K, capacity 9006K, committed 9088K, reserved 1056768K
  class space    used 1040K, capacity 1077K, committed 1152K, reserved 1048576K
}
Event: 7,396 GC heap before
{Heap before GC invocations=9 (full 0):
 PSYoungGen      total 391680K, used 389248K [0x0000000781800000, 0x0000000799900000, 0x00000007c0000000)
  eden space 389120K, 100% used [0x0000000781800000,0x0000000799400000,0x0000000799400000)
  from space 2560K, 5% used [0x0000000799680000,0x00000007996a0000,0x0000000799900000)
  to   space 2560K, 0% used [0x0000000799400000,0x0000000799400000,0x0000000799680000)
 ParOldGen       total 128512K, used 1436K [0x0000000704800000, 0x000000070c580000, 0x0000000781800000)
  object space 128512K, 1% used [0x0000000704800000,0x00000007049670d0,0x000000070c580000)
 Metaspace       used 8868K, capacity 9006K, committed 9088K, reserved 1056768K
  class space    used 1040K, capacity 1077K, committed 1152K, reserved 1048576K

