# JRE version: OpenJDK Runtime Environment (8.0_121-b13) (build 1.8.0_121-8u121-b13-0ubuntu1.16.04.2-b13)
# Java VM: OpenJDK 64-Bit Server VM (25.121-b13 mixed mode linux-amd64 compressed oops)
Heap:
 PSYoungGen      total 625152K, used 0K [0x0000000781800000, 0x00000007a7d00000, 0x00000007c0000000)
  eden space 622592K, 0% used [0x0000000781800000,0x0000000781800000,0x00000007a7800000)
  from space 2560K, 0% used [0x00000007a7800000,0x00000007a7800000,0x00000007a7a80000)
  to   space 2560K, 0% used [0x00000007a7a80000,0x00000007a7a80000,0x00000007a7d00000)
 ParOldGen       total 128512K, used 1464K [0x0000000704800000, 0x000000070c580000, 0x0000000781800000)
  object space 128512K, 1% used [0x0000000704800000,0x000000070496e0e0,0x000000070c580000)
 Metaspace       used 8883K, capacity 9006K, committed 9088K, reserved 1056768K
  class space    used 1040K, capacity 1077K, committed 1152K, reserved 1048576K
GC Heap History (10 events):
Event: 1,919 GC heap after
Heap after GC invocations=6 (full 0):
 PSYoungGen      total 197120K, used 1392K [0x0000000781800000, 0x000000078db00000, 0x00000007c0000000)
  eden space 194560K, 0% used [0x0000000781800000,0x0000000781800000,0x000000078d600000)
  from space 2560K, 54% used [0x000000078d880000,0x000000078d9dc030,0x000000078db00000)
  to   space 2560K, 0% used [0x000000078d600000,0x000000078d600000,0x000000078d880000)
 ParOldGen       total 128512K, used 112K [0x0000000704800000, 0x000000070c580000, 0x0000000781800000)
  object space 128512K, 0% used [0x0000000704800000,0x000000070481c010,0x000000070c580000)
 Metaspace       used 8876K, capacity 9006K, committed 9088K, reserved 1056768K
  class space    used 1040K, capacity 1077K, committed 1152K, reserved 1048576K
}
Event: 2,586 GC heap before
{Heap before GC invocations=7 (full 0):
 PSYoungGen      total 197120K, used 195952K [0x0000000781800000, 0x000000078db00000, 0x00000007c0000000)
  eden space 194560K, 100% used [0x0000000781800000,0x000000078d600000,0x000000078d600000)
  from space 2560K, 54% used [0x000000078d880000,0x000000078d9dc030,0x000000078db00000)
  to   space 2560K, 0% used [0x000000078d600000,0x000000078d600000,0x000000078d880000)
 ParOldGen       total 128512K, used 112K [0x0000000704800000, 0x000000070c580000, 0x0000000781800000)
  object space 128512K, 0% used [0x0000000704800000,0x000000070481c010,0x000000070c580000)
 Metaspace       used 8876K, capacity 9006K, committed 9088K, reserved 1056768K
  class space    used 1040K, capacity 1077K, committed 1152K, reserved 1048576K
Event: 2,599 GC heap after
Heap after GC invocations=7 (full 0):
 PSYoungGen      total 197120K, used 0K [0x0000000781800000, 0x0000000799900000, 0x00000007c0000000)
  eden space 194560K, 0% used [0x0000000781800000,0x0000000781800000,0x000000078d600000)
  from space 2560K, 0% used [0x000000078d600000,0x000000078d600000,0x000000078d880000)
  to   space 2560K, 0% used [0x0000000799680000,0x0000000799680000,0x0000000799900000)
 ParOldGen       total 128512K, used 1432K [0x0000000704800000, 0x000000070c580000, 0x0000000781800000)
  object space 128512K, 1% used [0x0000000704800000,0x00000007049660d0,0x000000070c580000)
 Metaspace       used 8876K, capacity 9006K, committed 9088K, reserved 1056768K
  class space    used 1040K, capacity 1077K, committed 1152K, reserved 1048576K
}
Event: 2,954 GC heap before
{Heap before GC invocations=8 (full 0):
 PSYoungGen      total 197120K, used 194560K [0x0000000781800000, 0x0000000799900000, 0x00000007c0000000)
  eden space 194560K, 100% used [0x0000000781800000,0x000000078d600000,0x000000078d600000)
  from space 2560K, 0% used [0x000000078d600000,0x000000078d600000,0x000000078d880000)
  to   space 2560K, 0% used [0x0000000799680000,0x0000000799680000,0x0000000799900000)
 ParOldGen       total 128512K, used 1432K [0x0000000704800000, 0x000000070c580000, 0x0000000781800000)
  object space 128512K, 1% used [0x0000000704800000,0x00000007049660d0,0x000000070c580000)
 Metaspace       used 8883K, capacity 9006K, committed 9088K, reserved 1056768K
  class space    used 1040K, capacity 1077K, committed 1152K, reserved 1048576K
Event: 2,976 GC heap after
Heap after GC invocations=8 (full 0):
 PSYoungGen      total 391680K, used 128K [0x0000000781800000, 0x0000000799900000, 0x00000007c0000000)
  eden space 389120K, 0% used [0x0000000781800000,0x0000000781800000,0x0000000799400000)
  from space 2560K, 5% used [0x0000000799680000,0x00000007996a0000,0x0000000799900000)
  to   space 2560K, 0% used [0x0000000799400000,0x0000000799400000,0x0000000799680000)
 ParOldGen       total 128512K, used 1432K [0x0000000704800000, 0x000000070c580000, 0x0000000781800000)
  object space 128512K, 1% used [0x0000000704800000,0x00000007049660d0,0x000000070c580000)
 Metaspace       used 8883K, capacity 9006K, committed 9088K, reserved 1056768K
  class space    used 1040K, capacity 1077K, committed 1152K, reserved 1048576K
}
Event: 4,331 GC heap before
{Heap before GC invocations=9 (full 0):
 PSYoungGen      total 391680K, used 389248K [0x0000000781800000, 0x0000000799900000, 0x00000007c0000000)
  eden space 389120K, 100% used [0x0000000781800000,0x0000000799400000,0x0000000799400000)
  from space 2560K, 5% used [0x0000000799680000,0x00000007996a0000,0x0000000799900000)
  to   space 2560K, 0% used [0x0000000799400000,0x0000000799400000,0x0000000799680000)
 ParOldGen       total 128512K, used 1432K [0x0000000704800000, 0x000000070c580000, 0x0000000781800000)
  object space 128512K, 1% used [0x0000000704800000,0x00000007049660d0,0x000000070c580000)
 Metaspace       used 8883K, capacity 9006K, committed 9088K, reserved 1056768K
  class space    used 1040K, capacity 1077K, committed 1152K, reserved 1048576K
Event: 4,352 GC heap after
Heap after GC invocations=9 (full 0):
 PSYoungGen      total 391680K, used 160K [0x0000000781800000, 0x00000007a7d00000, 0x00000007c0000000)
  eden space 389120K, 0% used [0x0000000781800000,0x0000000781800000,0x0000000799400000)
  from space 2560K, 6% used [0x0000000799400000,0x0000000799428000,0x0000000799680000)
  to   space 2560K, 0% used [0x00000007a7a80000,0x00000007a7a80000,0x00000007a7d00000)
 ParOldGen       total 128512K, used 1432K [0x0000000704800000, 0x000000070c580000, 0x0000000781800000)
  object space 128512K, 1% used [0x0000000704800000,0x00000007049660d0,0x000000070c580000)
 Metaspace       used 8883K, capacity 9006K, committed 9088K, reserved 1056768K
  class space    used 1040K, capacity 1077K, committed 1152K, reserved 1048576K
}
Event: 5,262 GC heap before
{Heap before GC invocations=10 (full 0):
 PSYoungGen      total 391680K, used 389280K [0x0000000781800000, 0x00000007a7d00000, 0x00000007c0000000)
  eden space 389120K, 100% used [0x0000000781800000,0x0000000799400000,0x0000000799400000)
  from space 2560K, 6% used [0x0000000799400000,0x0000000799428000,0x0000000799680000)
  to   space 2560K, 0% used [0x00000007a7a80000,0x00000007a7a80000,0x00000007a7d00000)
 ParOldGen       total 128512K, used 1432K [0x0000000704800000, 0x000000070c580000, 0x0000000781800000)
  object space 128512K, 1% used [0x0000000704800000,0x00000007049660d0,0x000000070c580000)
 Metaspace       used 8883K, capacity 9006K, committed 9088K, reserved 1056768K
  class space    used 1040K, capacity 1077K, committed 1152K, reserved 1048576K
Event: 5,263 GC heap after
Heap after GC invocations=10 (full 0):
 PSYoungGen      total 625152K, used 0K [0x0000000781800000, 0x00000007a7d00000, 0x00000007c0000000)
  eden space 622592K, 0% used [0x0000000781800000,0x0000000781800000,0x00000007a7800000)
  from space 2560K, 0% used [0x00000007a7a80000,0x00000007a7a80000,0x00000007a7d00000)
  to   space 2560K, 0% used [0x00000007a7800000,0x00000007a7800000,0x00000007a7a80000)
 ParOldGen       total 128512K, used 1464K [0x0000000704800000, 0x000000070c580000, 0x0000000781800000)
  object space 128512K, 1% used [0x0000000704800000,0x000000070496e0e0,0x000000070c580000)
 Metaspace       used 8883K, capacity 9006K, committed 9088K, reserved 1056768K
  class space    used 1040K, capacity 1077K, committed 1152K, reserved 1048576K
}
Event: 7,721 GC heap before
{Heap before GC invocations=11 (full 0):
 PSYoungGen      total 625152K, used 622592K [0x0000000781800000, 0x00000007a7d00000, 0x00000007c0000000)
  eden space 622592K, 100% used [0x0000000781800000,0x00000007a7800000,0x00000007a7800000)
  from space 2560K, 0% used [0x00000007a7a80000,0x00000007a7a80000,0x00000007a7d00000)
  to   space 2560K, 0% used [0x00000007a7800000,0x00000007a7800000,0x00000007a7a80000)
 ParOldGen       total 128512K, used 1464K [0x0000000704800000, 0x000000070c580000, 0x0000000781800000)
  object space 128512K, 1% used [0x0000000704800000,0x000000070496e0e0,0x000000070c580000)
 Metaspace       used 8883K, capacity 9006K, committed 9088K, reserved 1056768K
  class space    used 1040K, capacity 1077K, committed 1152K, reserved 1048576K

